Arguments: 
  C:\Program Files\nodejs\node.exe C:\Users\jinso\AppData\Roaming\npm\node_modules\yarn\bin\yarn.js start

PATH: 
  C:\Program Files (x86)\Common Files\Oracle\Java\javapath;C:\Program Files (x86)\NAT Service;C:\app\jinso\product\11.2.0\client_1\bin;C:\ProgramData\Oracle\Java\javapath;C:\WINDOWS\system32;C:\WINDOWS;C:\Users\jinso\AppData\Local\Programs\Python\Python37\Scripts;C:\Users\jinso\AppData\Local\Programs\Python\Python37\;C:\Python27\;C:\Python27\Scripts;C:\WINDOWS\System32\Wbem;C:\WINDOWS\System32\WindowsPowerShell\v1.0\;C:\Program Files\dotnet\;C:\Program Files\Java\jdk1.8.0_191\bin;C:\WINDOWS\System32\OpenSSH\;C:\Program Files (x86)\Nordic Semiconductor\nrf5x\bin\;C:\Program Files\Git\cmd;C:\Program Files (x86)\PuTTY\;C:\Program Files\PuTTY\;C:\Program Files\nodejs\;C:\Ruby26-x64\bin;C:\Program Files (x86)\GNU Tools ARM Embedded\5.4 2016q3\bin;C:\Users\jinso\AppData\Local\Microsoft\WindowsApps;C:\Program Files\Bandizip\;C:\Program Files (x86)\GnuWin32\bin;C:\Users\jinso\AppData\Local\Programs\Microsoft VS Code\bin;C:\Program Files (x86)\FileVerifier++\;C:\Users\jinso\AppData\Local\atom\bin;C:\Users\jinso\AppData\Roaming\npm;C:\Users\jinso\AppData\Local\hyper\app-3.0.2\resources\bin;C:\Program Files (x86)\ESTsoft\ALSee\x64

Yarn version: 
  1.19.2

Node version: 
  12.16.1

Platform: 
  win32 x64

Trace: 
  SyntaxError: D:\Typechain\package.json: Unexpected token } in JSON at position 161
      at JSON.parse (<anonymous>)
      at C:\Users\jinso\AppData\Roaming\npm\node_modules\yarn\lib\cli.js:1625:59
      at Generator.next (<anonymous>)
      at step (C:\Users\jinso\AppData\Roaming\npm\node_modules\yarn\lib\cli.js:304:30)
      at C:\Users\jinso\AppData\Roaming\npm\node_modules\yarn\lib\cli.js:315:13

npm manifest: 
  {
    "name": "Typechain",
    "version": "1.0.0",
    "main": "index.js",
    "license": "MIT",
    "scripts": {
      "start" : "node index.js",
      "prestart" : "tsc",
    }
  }

yarn manifest: 
  No manifest

Lockfile: 
  No lockfile
